Command: pr_verify -full_check -initial /home/alex/SecurityReconfiguration/dfx_genesys/dfx_genesys.runs/impl_1/top_routed.dcp -additional /home/alex/SecurityReconfiguration/dfx_genesys/dfx_genesys.runs/child_1_impl_1/top_routed.dcp -file child_1_impl_1_pr_verify.log
Mon Mar  6 16:06:43 2023

INFO: [Constraints 18-1020] PR Verify Summary:
DCP1: /home/alex/SecurityReconfiguration/dfx_genesys/dfx_genesys.runs/impl_1/top_routed.dcp
  Number of reconfigurable modules compared = 1
  Number of partition pins compared         = 6
  Number of static tiles compared           = 969
  Number of static sites compared           = 1691
  Number of static cells compared           = 9170
  Number of static routed nodes compared    = 95230
  Number of static routed pips compared     = 87465

DCP2: /home/alex/SecurityReconfiguration/dfx_genesys/dfx_genesys.runs/child_1_impl_1/top_routed.dcp
  Number of reconfigurable modules compared = 1
  Number of partition pins compared         = 6
  Number of static tiles compared           = 969
  Number of static sites compared           = 1691
  Number of static cells compared           = 9170
  Number of static routed nodes compared    = 95230
  Number of static routed pips compared     = 87465
INFO: [Vivado 12-3253] PR_VERIFY: check points /home/alex/SecurityReconfiguration/dfx_genesys/dfx_genesys.runs/impl_1/top_routed.dcp and /home/alex/SecurityReconfiguration/dfx_genesys/dfx_genesys.runs/child_1_impl_1/top_routed.dcp are compatible
