
*** Running vivado
    with args -log count.vds -m64 -product Vivado -mode batch -messageDb vivado.pb -notrace -source count.tcl


****** Vivado v2022.2 (64-bit)
  **** SW Build 3671981 on Fri Oct 14 04:59:54 MDT 2022
  **** IP Build 3669848 on Fri Oct 14 08:30:02 MDT 2022
    ** Copyright 1986-2022 Xilinx, Inc. All Rights Reserved.

source count.tcl -notrace
Command: synth_design -top count -part xc7k325tffg900-2 -mode out_of_context
Starting synth_design
Attempting to get a license for feature 'Synthesis' and/or device 'xc7k325t'
INFO: [Common 17-349] Got license for feature 'Synthesis' and/or device 'xc7k325t'
INFO: [Synth 8-7079] Multithreading enabled for synth_design using a maximum of 4 processes.
INFO: [Synth 8-7078] Launching helper process for spawning children vivado processes
INFO: [Synth 8-7075] Helper process launched with PID 1317389
INFO: [Synth 8-11241] undeclared symbol 'REGCCE', assumed default net type 'wire' [/home/askyvalos/Vivado/2022.2/data/verilog/src/unimacro/BRAM_SINGLE_MACRO.v:2170]
---------------------------------------------------------------------------------
Starting Synthesize : Time (s): cpu = 00:00:02 ; elapsed = 00:00:02 . Memory (MB): peak = 2144.676 ; gain = 383.645 ; free physical = 5637 ; free virtual = 118655
Synthesis current peak Physical Memory [PSS] (MB): peak = 1475.125; parent = 1302.040; children = 173.085
Synthesis current peak Virtual Memory [VSS] (MB): peak = 3106.648; parent = 2144.680; children = 961.969
---------------------------------------------------------------------------------
INFO: [Synth 8-6157] synthesizing module 'count' [/home/askyvalos/files/ug947-vivado-partial-reconfiguration-tutorial/led_shift_count_7s/Sources/hdl/count_up/count_up.v:23]
INFO: [Synth 8-6155] done synthesizing module 'count' (0#1) [/home/askyvalos/files/ug947-vivado-partial-reconfiguration-tutorial/led_shift_count_7s/Sources/hdl/count_up/count_up.v:23]
---------------------------------------------------------------------------------
Finished Synthesize : Time (s): cpu = 00:00:03 ; elapsed = 00:00:03 . Memory (MB): peak = 2209.645 ; gain = 448.613 ; free physical = 5819 ; free virtual = 118840
Synthesis current peak Physical Memory [PSS] (MB): peak = 1475.125; parent = 1302.040; children = 173.085
Synthesis current peak Virtual Memory [VSS] (MB): peak = 3171.617; parent = 2209.648; children = 961.969
---------------------------------------------------------------------------------
---------------------------------------------------------------------------------
Finished Constraint Validation : Time (s): cpu = 00:00:03 ; elapsed = 00:00:03 . Memory (MB): peak = 2224.488 ; gain = 463.457 ; free physical = 5801 ; free virtual = 118821
Synthesis current peak Physical Memory [PSS] (MB): peak = 1475.125; parent = 1302.040; children = 173.085
Synthesis current peak Virtual Memory [VSS] (MB): peak = 3186.461; parent = 2224.492; children = 961.969
---------------------------------------------------------------------------------
---------------------------------------------------------------------------------
Start Loading Part and Timing Information
---------------------------------------------------------------------------------
Loading part: xc7k325tffg900-2
---------------------------------------------------------------------------------
INFO: [Device 21-403] Loading part xc7k325tffg900-2
Finished Loading Part and Timing Information : Time (s): cpu = 00:00:03 ; elapsed = 00:00:03 . Memory (MB): peak = 2232.492 ; gain = 471.461 ; free physical = 5796 ; free virtual = 118817
Synthesis current peak Physical Memory [PSS] (MB): peak = 1475.125; parent = 1302.040; children = 173.085
Synthesis current peak Virtual Memory [VSS] (MB): peak = 3194.465; parent = 2232.496; children = 961.969
---------------------------------------------------------------------------------
---------------------------------------------------------------------------------
Finished RTL Optimization Phase 2 : Time (s): cpu = 00:00:03 ; elapsed = 00:00:03 . Memory (MB): peak = 2249.406 ; gain = 488.375 ; free physical = 5764 ; free virtual = 118786
Synthesis current peak Physical Memory [PSS] (MB): peak = 1475.125; parent = 1302.040; children = 173.085
Synthesis current peak Virtual Memory [VSS] (MB): peak = 3211.379; parent = 2249.410; children = 961.969
---------------------------------------------------------------------------------
No constraint files found.
---------------------------------------------------------------------------------
Start RTL Component Statistics 
---------------------------------------------------------------------------------
Detailed RTL Component Info : 
+---Adders : 
	   2 Input    4 Bit       Adders := 1     
+---Registers : 
	                4 Bit    Registers := 1     
---------------------------------------------------------------------------------
Finished RTL Component Statistics 
---------------------------------------------------------------------------------
---------------------------------------------------------------------------------
Start Part Resource Summary
---------------------------------------------------------------------------------
Part Resources:
DSPs: 840 (col length:140)
BRAMs: 890 (col length: RAMB18 140 RAMB36 70)
---------------------------------------------------------------------------------
Finished Part Resource Summary
---------------------------------------------------------------------------------
No constraint files found.
---------------------------------------------------------------------------------
Start Cross Boundary and Area Optimization
---------------------------------------------------------------------------------
WARNING: [Synth 8-7080] Parallel synthesis criteria is not met
---------------------------------------------------------------------------------
Finished Cross Boundary and Area Optimization : Time (s): cpu = 00:00:06 ; elapsed = 00:00:06 . Memory (MB): peak = 2435.406 ; gain = 674.375 ; free physical = 5104 ; free virtual = 118131
Synthesis current peak Physical Memory [PSS] (MB): peak = 1735.484; parent = 1562.949; children = 173.085
Synthesis current peak Virtual Memory [VSS] (MB): peak = 3397.379; parent = 2435.410; children = 961.969
---------------------------------------------------------------------------------
No constraint files found.
---------------------------------------------------------------------------------
Start Timing Optimization
---------------------------------------------------------------------------------
---------------------------------------------------------------------------------
Finished Timing Optimization : Time (s): cpu = 00:00:06 ; elapsed = 00:00:06 . Memory (MB): peak = 2435.406 ; gain = 674.375 ; free physical = 5095 ; free virtual = 118122
Synthesis current peak Physical Memory [PSS] (MB): peak = 1738.427; parent = 1565.897; children = 173.085
Synthesis current peak Virtual Memory [VSS] (MB): peak = 3397.379; parent = 2435.410; children = 961.969
---------------------------------------------------------------------------------
---------------------------------------------------------------------------------
Start Technology Mapping
---------------------------------------------------------------------------------
---------------------------------------------------------------------------------
Finished Technology Mapping : Time (s): cpu = 00:00:06 ; elapsed = 00:00:06 . Memory (MB): peak = 2435.406 ; gain = 674.375 ; free physical = 5085 ; free virtual = 118112
Synthesis current peak Physical Memory [PSS] (MB): peak = 1738.605; parent = 1566.076; children = 173.085
Synthesis current peak Virtual Memory [VSS] (MB): peak = 3397.379; parent = 2435.410; children = 961.969
---------------------------------------------------------------------------------
---------------------------------------------------------------------------------
Start IO Insertion
---------------------------------------------------------------------------------
---------------------------------------------------------------------------------
Start Flattening Before IO Insertion
---------------------------------------------------------------------------------
---------------------------------------------------------------------------------
Finished Flattening Before IO Insertion
---------------------------------------------------------------------------------
---------------------------------------------------------------------------------
Start Final Netlist Cleanup
---------------------------------------------------------------------------------
---------------------------------------------------------------------------------
Finished Final Netlist Cleanup
---------------------------------------------------------------------------------
---------------------------------------------------------------------------------
Finished IO Insertion : Time (s): cpu = 00:00:08 ; elapsed = 00:00:08 . Memory (MB): peak = 2435.406 ; gain = 674.375 ; free physical = 5085 ; free virtual = 118113
Synthesis current peak Physical Memory [PSS] (MB): peak = 1738.714; parent = 1566.185; children = 173.085
Synthesis current peak Virtual Memory [VSS] (MB): peak = 3397.379; parent = 2435.410; children = 961.969
---------------------------------------------------------------------------------
---------------------------------------------------------------------------------
Start Renaming Generated Instances
---------------------------------------------------------------------------------
---------------------------------------------------------------------------------
Finished Renaming Generated Instances : Time (s): cpu = 00:00:08 ; elapsed = 00:00:08 . Memory (MB): peak = 2435.406 ; gain = 674.375 ; free physical = 5085 ; free virtual = 118113
Synthesis current peak Physical Memory [PSS] (MB): peak = 1738.714; parent = 1566.185; children = 173.085
Synthesis current peak Virtual Memory [VSS] (MB): peak = 3397.379; parent = 2435.410; children = 961.969
---------------------------------------------------------------------------------
---------------------------------------------------------------------------------
Start Rebuilding User Hierarchy
---------------------------------------------------------------------------------
---------------------------------------------------------------------------------
Finished Rebuilding User Hierarchy : Time (s): cpu = 00:00:08 ; elapsed = 00:00:09 . Memory (MB): peak = 2435.406 ; gain = 674.375 ; free physical = 5085 ; free virtual = 118113
Synthesis current peak Physical Memory [PSS] (MB): peak = 1738.750; parent = 1566.221; children = 173.085
Synthesis current peak Virtual Memory [VSS] (MB): peak = 3397.379; parent = 2435.410; children = 961.969
---------------------------------------------------------------------------------
---------------------------------------------------------------------------------
Start Renaming Generated Ports
---------------------------------------------------------------------------------
---------------------------------------------------------------------------------
Finished Renaming Generated Ports : Time (s): cpu = 00:00:08 ; elapsed = 00:00:09 . Memory (MB): peak = 2435.406 ; gain = 674.375 ; free physical = 4885 ; free virtual = 117913
Synthesis current peak Physical Memory [PSS] (MB): peak = 1738.750; parent = 1566.221; children = 173.085
Synthesis current peak Virtual Memory [VSS] (MB): peak = 3397.379; parent = 2435.410; children = 961.969
---------------------------------------------------------------------------------
---------------------------------------------------------------------------------
Start Handling Custom Attributes
---------------------------------------------------------------------------------
---------------------------------------------------------------------------------
Finished Handling Custom Attributes : Time (s): cpu = 00:00:08 ; elapsed = 00:00:09 . Memory (MB): peak = 2435.406 ; gain = 674.375 ; free physical = 4885 ; free virtual = 117913
Synthesis current peak Physical Memory [PSS] (MB): peak = 1738.766; parent = 1566.236; children = 173.085
Synthesis current peak Virtual Memory [VSS] (MB): peak = 3397.379; parent = 2435.410; children = 961.969
---------------------------------------------------------------------------------
---------------------------------------------------------------------------------
Start Renaming Generated Nets
---------------------------------------------------------------------------------
---------------------------------------------------------------------------------
Finished Renaming Generated Nets : Time (s): cpu = 00:00:08 ; elapsed = 00:00:09 . Memory (MB): peak = 2435.406 ; gain = 674.375 ; free physical = 4885 ; free virtual = 117912
Synthesis current peak Physical Memory [PSS] (MB): peak = 1738.781; parent = 1566.252; children = 173.085
Synthesis current peak Virtual Memory [VSS] (MB): peak = 3397.379; parent = 2435.410; children = 961.969
---------------------------------------------------------------------------------
---------------------------------------------------------------------------------
Start Writing Synthesis Report
---------------------------------------------------------------------------------

Report BlackBoxes: 
+-+--------------+----------+
| |BlackBox name |Instances |
+-+--------------+----------+
+-+--------------+----------+

Report Cell Usage: 
+------+-------+------+
|      |Cell   |Count |
+------+-------+------+
|1     |CARRY4 |     7|
|2     |LUT1   |     2|
|3     |LUT2   |     1|
|4     |LUT3   |     1|
|5     |LUT4   |     1|
|6     |LUT5   |     1|
|7     |LUT6   |     4|
|8     |FDRE   |    29|
+------+-------+------+

Report Instance Areas: 
+------+---------+-------+------+
|      |Instance |Module |Cells |
+------+---------+-------+------+
|1     |top      |       |    46|
+------+---------+-------+------+
---------------------------------------------------------------------------------
Finished Writing Synthesis Report : Time (s): cpu = 00:00:08 ; elapsed = 00:00:09 . Memory (MB): peak = 2435.406 ; gain = 674.375 ; free physical = 4885 ; free virtual = 117912
Synthesis current peak Physical Memory [PSS] (MB): peak = 1738.782; parent = 1566.283; children = 173.085
Synthesis current peak Virtual Memory [VSS] (MB): peak = 3397.379; parent = 2435.410; children = 961.969
---------------------------------------------------------------------------------
Synthesis finished with 0 errors, 0 critical warnings and 1 warnings.
Synthesis Optimization Runtime : Time (s): cpu = 00:00:08 ; elapsed = 00:00:09 . Memory (MB): peak = 2435.406 ; gain = 674.375 ; free physical = 4903 ; free virtual = 117930
Synthesis Optimization Complete : Time (s): cpu = 00:00:08 ; elapsed = 00:00:09 . Memory (MB): peak = 2435.414 ; gain = 674.375 ; free physical = 4904 ; free virtual = 117931
INFO: [Project 1-571] Translating synthesized netlist
Netlist sorting complete. Time (s): cpu = 00:00:00 ; elapsed = 00:00:00 . Memory (MB): peak = 2435.414 ; gain = 0.000 ; free physical = 5109 ; free virtual = 118136
INFO: [Netlist 29-17] Analyzing 7 Unisim elements for replacement
INFO: [Netlist 29-28] Unisim Transformation completed in 0 CPU seconds
INFO: [Project 1-570] Preparing netlist for logic optimization
INFO: [Opt 31-138] Pushed 0 inverter(s) to 0 load pin(s).
Netlist sorting complete. Time (s): cpu = 00:00:00 ; elapsed = 00:00:00 . Memory (MB): peak = 2560.117 ; gain = 0.000 ; free physical = 4922 ; free virtual = 117950
INFO: [Project 1-111] Unisim Transformation Summary:
No Unisim elements were transformed.

Synth Design complete, checksum: a8de3216
INFO: [Common 17-83] Releasing license: Synthesis
15 Infos, 1 Warnings, 0 Critical Warnings and 0 Errors encountered.
synth_design completed successfully
synth_design: Time (s): cpu = 00:00:11 ; elapsed = 00:00:10 . Memory (MB): peak = 2560.117 ; gain = 829.902 ; free physical = 5325 ; free virtual = 118352
INFO: [Timing 38-35] Done setting XDC timing constraints.
INFO: [Common 17-1381] The checkpoint '/home/askyvalos/dfx_genesys/dfx_genesys.runs/count_up_synth_1/count.dcp' has been generated.
INFO: [runtcl-4] Executing : report_utilization -file count_utilization_synth.rpt -pb count_utilization_synth.pb
INFO: [Common 17-206] Exiting Vivado at Thu Feb 23 16:16:00 2023...
