Copyright 1986-2022 Xilinx, Inc. All Rights Reserved.
------------------------------------------------------------------------------------------------
| Tool Version : Vivado v.2022.2 (lin64) Build 3671981 Fri Oct 14 04:59:54 MDT 2022
| Date         : Fri Feb 24 13:08:26 2023
| Host         : tom-tom running 64-bit Ubuntu 20.04.5 LTS
| Command      : report_drc -file top_drc_opted.rpt -pb top_drc_opted.pb -rpx top_drc_opted.rpx
| Design       : top
| Device       : xc7k325tffg900-2
| Speed File   : -2
| Design State : Synthesized
------------------------------------------------------------------------------------------------

Report DRC

Table of Contents
-----------------
1. REPORT SUMMARY
2. REPORT DETAILS

1. REPORT SUMMARY
-----------------
            Netlist: netlist
          Floorplan: design_1
      Design limits: <entire design considered>
           Ruledeck: default
             Max violations: <unlimited>
             Violations found: 2
+----------+------------------+-----------------------------------------------------+------------+
| Rule     | Severity         | Description                                         | Violations |
+----------+------------------+-----------------------------------------------------+------------+
| RTSTAT-3 | Critical Warning | Unplaced terminals on nets                          | 1          |
| CFGBVS-1 | Warning          | Missing CFGBVS and CONFIG_VOLTAGE Design Properties | 1          |
+----------+------------------+-----------------------------------------------------+------------+

2. REPORT DETAILS
-----------------
RTSTAT-3#1 Critical Warning
Unplaced terminals on nets  
74 net(s) have unplaced terminals. The problem bus(es) and/or net(s) are U0_clocks/clk_out, inst_count/count[0]_i_2_n_0, inst_count/count_out[3:0],
inst_count/count_out[3]_i_1_n_0, inst_count/count_out[3]_i_3_n_0,
inst_count/count_out[3]_i_4_n_0, inst_count/count_out[3]_i_5_n_0,
inst_count/count_out[3]_i_6_n_0, inst_count/count_reg[0]_i_1_n_0,
inst_count/count_reg[0]_i_1_n_4, inst_count/count_reg[0]_i_1_n_5,
inst_count/count_reg[0]_i_1_n_6, inst_count/count_reg[0]_i_1_n_7,
inst_count/count_reg[24:0], inst_count/count_reg[4]_i_1_n_0
 (the first 15 of 42 listed nets/buses), GLOBAL_LOGIC0, GLOBAL_LOGIC1.
Related violations: <none>

CFGBVS-1#1 Warning
Missing CFGBVS and CONFIG_VOLTAGE Design Properties  
Neither the CFGBVS nor CONFIG_VOLTAGE voltage property is set in the current_design.  Configuration bank voltage select (CFGBVS) must be set to VCCO or GND, and CONFIG_VOLTAGE must be set to the correct configuration voltage, in order to determine the I/O voltage support for the pins in bank 0.  It is suggested to specify these either using the 'Edit Device Properties' function in the GUI or directly in the XDC file using the following syntax:

 set_property CFGBVS value1 [current_design]
 #where value1 is either VCCO or GND

 set_property CONFIG_VOLTAGE value2 [current_design]
 #where value2 is the voltage provided to configuration bank 0

Refer to the device configuration user guide for more information.
Related violations: <none>


